<?xml version="1.0" encoding="UTF-8"?>
<!-- Generated by org.testng.reporters.JUnitXMLReporter -->
<testsuite ignored="0" hostname="DESKTOP-5A7ANQT" failures="1" tests="8" name="OperaTest" time="79.16" errors="0" timestamp="2023-02-12T18:23:40 IST">
  <testcase classname="SuitPack.Test2" name="@AfterMethod closeed" time="20.115">
    <failure type="org.openqa.selenium.WebDriverException" message="unknown error: failed to close window in 20 seconds
  (Session info: chrome=109.0.5414.120)
  (Driver info: operadriver=108.0.5359.99 (410951fc34bb4b2cbf182231f9f779efaafaf682-refs/branch-heads/5359_71@{#9}),platform=Windows NT 10.0.19044 x86_64) (WARNING: The server did not provide any stacktrace information)
Command duration or timeout: 0 milliseconds
Build info: version: &amp;apos;3.141.59&amp;apos;, revision: &amp;apos;e82be7d358&amp;apos;, time: &amp;apos;2018-11-14T08:17:03&amp;apos;
System info: host: &amp;apos;DESKTOP-5A7ANQT&amp;apos;, ip: &amp;apos;192.168.81.32&amp;apos;, os.name: &amp;apos;Windows 10&amp;apos;, os.arch: &amp;apos;amd64&amp;apos;, os.version: &amp;apos;10.0&amp;apos;, java.version: &amp;apos;18.0.2.1&amp;apos;
Driver info: org.openqa.selenium.opera.OperaDriver
Capabilities {acceptInsecureCerts: false, acceptSslCerts: false, browserConnectionEnabled: false, browserName: opera, cssSelectorsEnabled: true, databaseEnabled: false, goog:chromeOptions: {debuggerAddress: localhost:52740}, handlesAlerts: true, hasTouchScreen: false, javascriptEnabled: true, locationContextEnabled: true, mobileEmulationEnabled: false, nativeEvents: true, networkConnectionEnabled: false, opera: {operadriverVersion: 108.0.5359.99 (410951fc34bb..., userDataDir: C:\Users\DELL\AppData\Local...}, pageLoadStrategy: normal, platform: WINDOWS, platformName: WINDOWS, proxy: Proxy(), rotatable: false, setWindowRect: true, strictFileInteractability: false, takesHeapSnapshot: true, takesScreenshot: true, timeouts: {implicit: 0, pageLoad: 300000, script: 30000}, unexpectedAlertBehaviour: ignore, unhandledPromptBehavior: ignore, version: 109.0.5414.120, webStorageEnabled: true, webauthn:extension:credBlob: true, webauthn:extension:largeBlob: true, webauthn:virtualAuthenticators: true}
Session ID: a42837afabd6a2d3b7fd496004c609fd">
      <![CDATA[org.openqa.selenium.WebDriverException: unknown error: failed to close window in 20 seconds
  (Session info: chrome=109.0.5414.120)
  (Driver info: operadriver=108.0.5359.99 (410951fc34bb4b2cbf182231f9f779efaafaf682-refs/branch-heads/5359_71@{#9}),platform=Windows NT 10.0.19044 x86_64) (WARNING: The server did not provide any stacktrace information)
Command duration or timeout: 0 milliseconds
Build info: version: '3.141.59', revision: 'e82be7d358', time: '2018-11-14T08:17:03'
System info: host: 'DESKTOP-5A7ANQT', ip: '192.168.81.32', os.name: 'Windows 10', os.arch: 'amd64', os.version: '10.0', java.version: '18.0.2.1'
Driver info: org.openqa.selenium.opera.OperaDriver
Capabilities {acceptInsecureCerts: false, acceptSslCerts: false, browserConnectionEnabled: false, browserName: opera, cssSelectorsEnabled: true, databaseEnabled: false, goog:chromeOptions: {debuggerAddress: localhost:52740}, handlesAlerts: true, hasTouchScreen: false, javascriptEnabled: true, locationContextEnabled: true, mobileEmulationEnabled: false, nativeEvents: true, networkConnectionEnabled: false, opera: {operadriverVersion: 108.0.5359.99 (410951fc34bb..., userDataDir: C:\Users\DELL\AppData\Local...}, pageLoadStrategy: normal, platform: WINDOWS, platformName: WINDOWS, proxy: Proxy(), rotatable: false, setWindowRect: true, strictFileInteractability: false, takesHeapSnapshot: true, takesScreenshot: true, timeouts: {implicit: 0, pageLoad: 300000, script: 30000}, unexpectedAlertBehaviour: ignore, unhandledPromptBehavior: ignore, version: 109.0.5414.120, webStorageEnabled: true, webauthn:extension:credBlob: true, webauthn:extension:largeBlob: true, webauthn:virtualAuthenticators: true}
Session ID: a42837afabd6a2d3b7fd496004c609fd
at org.openqa.selenium.remote.ErrorHandler.createThrowable(ErrorHandler.java:214)
at org.openqa.selenium.remote.ErrorHandler.throwIfResponseFailed(ErrorHandler.java:166)
at org.openqa.selenium.remote.http.JsonHttpResponseCodec.reconstructValue(JsonHttpResponseCodec.java:40)
at org.openqa.selenium.remote.http.AbstractHttpResponseCodec.decode(AbstractHttpResponseCodec.java:80)
at org.openqa.selenium.remote.http.AbstractHttpResponseCodec.decode(AbstractHttpResponseCodec.java:44)
at org.openqa.selenium.remote.HttpCommandExecutor.execute(HttpCommandExecutor.java:158)
at org.openqa.selenium.remote.service.DriverCommandExecutor.execute(DriverCommandExecutor.java:83)
at org.openqa.selenium.remote.RemoteWebDriver.execute(RemoteWebDriver.java:552)
at org.openqa.selenium.remote.RemoteWebDriver.execute(RemoteWebDriver.java:609)
at org.openqa.selenium.remote.RemoteWebDriver.close(RemoteWebDriver.java:442)
at SuitPack.Test2.closeed(Test2.java:118)
at java.base/java.util.concurrent.ThreadPoolExecutor.runWorker(ThreadPoolExecutor.java:1136)
at java.base/java.util.concurrent.ThreadPoolExecutor$Worker.run(ThreadPoolExecutor.java:635)
at java.base/java.lang.Thread.run(Thread.java:833)
... Removed 18 stack frames]]>
    </failure>
  </testcase> <!-- @AfterMethod closeed -->
  <testcase classname="SuitPack.Test2" name="@BeforeMethod openUrl" time="-1.67620641769E9">
    <skipped/>
  </testcase> <!-- @BeforeMethod openUrl -->
  <testcase classname="SuitPack.Test2" name="@AfterMethod closeed" time="-1.676206417698E9">
    <skipped/>
  </testcase> <!-- @AfterMethod closeed -->
  <testcase classname="SuitPack.Test2" name="@BeforeMethod openUrl" time="-1.6762064177E9">
    <skipped/>
  </testcase> <!-- @BeforeMethod openUrl -->
  <testcase classname="SuitPack.Test2" name="@AfterMethod closeed" time="-1.676206417706E9">
    <skipped/>
  </testcase> <!-- @AfterMethod closeed -->
  <testcase classname="SuitPack.Test2" name="@AfterClass afterClass" time="-1.676206417709E9">
    <skipped/>
  </testcase> <!-- @AfterClass afterClass -->
  <testcase classname="SuitPack.Test3" name="verifyText" time="0.632"/>
  <testcase classname="SuitPack.Test1" name="verifyLogInPage" time="8.17"/>
  <testcase classname="SuitPack.Test2" name="verifyCookiesUseLink" time="14.191">
    <failure type="java.lang.AssertionError" message="expected [https://help.twitter.com/en/rules-and-policies/twitter-cookies] but found [chrome://startpage/]">
      <![CDATA[java.lang.AssertionError: expected [https://help.twitter.com/en/rules-and-policies/twitter-cookies] but found [chrome://startpage/]
at SuitPack.Test2.verifyCookiesUseLink(Test2.java:112)
at java.base/java.util.concurrent.ThreadPoolExecutor.runWorker(ThreadPoolExecutor.java:1136)
at java.base/java.util.concurrent.ThreadPoolExecutor$Worker.run(ThreadPoolExecutor.java:635)
at java.base/java.lang.Thread.run(Thread.java:833)
... Removed 16 stack frames]]>
    </failure>
  </testcase> <!-- verifyCookiesUseLink -->
  <testcase classname="SuitPack.Test3" name="verifyText1" time="0.284"/>
  <testcase classname="SuitPack.Test3" name="verifyText2" time="0.486"/>
  <testcase classname="SuitPack.Test1" name="verifySignInPage" time="7.281"/>
  <testcase classname="SuitPack.Test2" name="verifyPrivacyPolicyLink" time="0.0">
    <skipped/>
  </testcase> <!-- verifyPrivacyPolicyLink -->
  <testcase classname="SuitPack.Test2" name="verifyTermsOfServiceLink" time="0.0">
    <skipped/>
  </testcase> <!-- verifyTermsOfServiceLink -->
</testsuite> <!-- OperaTest -->
